<?xml version="1.0" encoding="UTF-8"?>
<testsuite xmlns:xsi="http://www.w3.org/2001/XMLSchema-instance" xsi:noNamespaceSchemaLocation="https://maven.apache.org/surefire/maven-surefire-plugin/xsd/surefire-test-report.xsd" name="com.ewolff.microservice.shipping.ShippingServiceTest" time="2.488" tests="1" errors="0" skipped="0" failures="0">
  <properties>
    <property name="sun.desktop" value="windows"/>
    <property name="awt.toolkit" value="sun.awt.windows.WToolkit"/>
    <property name="file.encoding.pkg" value="sun.io"/>
    <property name="java.specification.version" value="1.8"/>
    <property name="sun.cpu.isalist" value="amd64"/>
    <property name="sun.jnu.encoding" value="Cp1252"/>
    <property name="java.class.path" value="F:\WS\microservice-kafka-master\microservice-kafka-master\microservice-kafka\microservice-kafka-shipping\target\test-classes;F:\WS\microservice-kafka-master\microservice-kafka-master\microservice-kafka\microservice-kafka-shipping\target\classes;F:\Softwares\mavenrepo\org\springframework\boot\spring-boot-starter-data-jpa\2.0.3.RELEASE\spring-boot-starter-data-jpa-2.0.3.RELEASE.jar;F:\Softwares\mavenrepo\org\springframework\boot\spring-boot-starter\2.0.3.RELEASE\spring-boot-starter-2.0.3.RELEASE.jar;F:\Softwares\mavenrepo\org\springframework\boot\spring-boot\2.0.3.RELEASE\spring-boot-2.0.3.RELEASE.jar;F:\Softwares\mavenrepo\org\springframework\boot\spring-boot-autoconfigure\2.0.3.RELEASE\spring-boot-autoconfigure-2.0.3.RELEASE.jar;F:\Softwares\mavenrepo\org\springframework\boot\spring-boot-starter-logging\2.0.3.RELEASE\spring-boot-starter-logging-2.0.3.RELEASE.jar;F:\Softwares\mavenrepo\ch\qos\logback\logback-classic\1.2.3\logback-classic-1.2.3.jar;F:\Softwares\mavenrepo\ch\qos\logback\logback-core\1.2.3\logback-core-1.2.3.jar;F:\Softwares\mavenrepo\org\apache\logging\log4j\log4j-to-slf4j\2.10.0\log4j-to-slf4j-2.10.0.jar;F:\Softwares\mavenrepo\org\apache\logging\log4j\log4j-api\2.10.0\log4j-api-2.10.0.jar;F:\Softwares\mavenrepo\org\slf4j\jul-to-slf4j\1.7.25\jul-to-slf4j-1.7.25.jar;F:\Softwares\mavenrepo\javax\annotation\javax.annotation-api\1.3.2\javax.annotation-api-1.3.2.jar;F:\Softwares\mavenrepo\org\yaml\snakeyaml\1.19\snakeyaml-1.19.jar;F:\Softwares\mavenrepo\org\springframework\boot\spring-boot-starter-aop\2.0.3.RELEASE\spring-boot-starter-aop-2.0.3.RELEASE.jar;F:\Softwares\mavenrepo\org\aspectj\aspectjweaver\1.8.13\aspectjweaver-1.8.13.jar;F:\Softwares\mavenrepo\org\springframework\boot\spring-boot-starter-jdbc\2.0.3.RELEASE\spring-boot-starter-jdbc-2.0.3.RELEASE.jar;F:\Softwares\mavenrepo\com\zaxxer\HikariCP\2.7.9\HikariCP-2.7.9.jar;F:\Softwares\mavenrepo\org\springframework\spring-jdbc\5.0.7.RELEASE\spring-jdbc-5.0.7.RELEASE.jar;F:\Softwares\mavenrepo\org\hibernate\hibernate-core\5.2.17.Final\hibernate-core-5.2.17.Final.jar;F:\Softwares\mavenrepo\org\jboss\logging\jboss-logging\3.3.2.Final\jboss-logging-3.3.2.Final.jar;F:\Softwares\mavenrepo\org\hibernate\javax\persistence\hibernate-jpa-2.1-api\1.0.2.Final\hibernate-jpa-2.1-api-1.0.2.Final.jar;F:\Softwares\mavenrepo\org\javassist\javassist\3.22.0-GA\javassist-3.22.0-GA.jar;F:\Softwares\mavenrepo\antlr\antlr\2.7.7\antlr-2.7.7.jar;F:\Softwares\mavenrepo\org\jboss\jandex\2.0.3.Final\jandex-2.0.3.Final.jar;F:\Softwares\mavenrepo\com\fasterxml\classmate\1.3.4\classmate-1.3.4.jar;F:\Softwares\mavenrepo\dom4j\dom4j\1.6.1\dom4j-1.6.1.jar;F:\Softwares\mavenrepo\org\hibernate\common\hibernate-commons-annotations\5.0.1.Final\hibernate-commons-annotations-5.0.1.Final.jar;F:\Softwares\mavenrepo\javax\transaction\javax.transaction-api\1.2\javax.transaction-api-1.2.jar;F:\Softwares\mavenrepo\org\springframework\data\spring-data-jpa\2.0.8.RELEASE\spring-data-jpa-2.0.8.RELEASE.jar;F:\Softwares\mavenrepo\org\springframework\data\spring-data-commons\2.0.8.RELEASE\spring-data-commons-2.0.8.RELEASE.jar;F:\Softwares\mavenrepo\org\springframework\spring-orm\5.0.7.RELEASE\spring-orm-5.0.7.RELEASE.jar;F:\Softwares\mavenrepo\org\springframework\spring-aspects\5.0.7.RELEASE\spring-aspects-5.0.7.RELEASE.jar;F:\Softwares\mavenrepo\org\springframework\boot\spring-boot-starter-thymeleaf\2.0.3.RELEASE\spring-boot-starter-thymeleaf-2.0.3.RELEASE.jar;F:\Softwares\mavenrepo\org\thymeleaf\thymeleaf-spring5\3.0.9.RELEASE\thymeleaf-spring5-3.0.9.RELEASE.jar;F:\Softwares\mavenrepo\org\thymeleaf\extras\thymeleaf-extras-java8time\3.0.1.RELEASE\thymeleaf-extras-java8time-3.0.1.RELEASE.jar;F:\Softwares\mavenrepo\nz\net\ultraq\thymeleaf\thymeleaf-layout-dialect\2.3.0\thymeleaf-layout-dialect-2.3.0.jar;F:\Softwares\mavenrepo\nz\net\ultraq\thymeleaf\thymeleaf-expression-processor\1.1.3\thymeleaf-expression-processor-1.1.3.jar;F:\Softwares\mavenrepo\org\codehaus\groovy\groovy\2.4.15\groovy-2.4.15.jar;F:\Softwares\mavenrepo\org\thymeleaf\thymeleaf\3.0.9.RELEASE\thymeleaf-3.0.9.RELEASE.jar;F:\Softwares\mavenrepo\ognl\ognl\3.1.12\ognl-3.1.12.jar;F:\Softwares\mavenrepo\org\attoparser\attoparser\2.0.4.RELEASE\attoparser-2.0.4.RELEASE.jar;F:\Softwares\mavenrepo\org\unbescape\unbescape\1.1.5.RELEASE\unbescape-1.1.5.RELEASE.jar;F:\Softwares\mavenrepo\org\springframework\boot\spring-boot-starter-web\2.0.3.RELEASE\spring-boot-starter-web-2.0.3.RELEASE.jar;F:\Softwares\mavenrepo\org\springframework\boot\spring-boot-starter-json\2.0.3.RELEASE\spring-boot-starter-json-2.0.3.RELEASE.jar;F:\Softwares\mavenrepo\com\fasterxml\jackson\core\jackson-databind\2.9.6\jackson-databind-2.9.6.jar;F:\Softwares\mavenrepo\com\fasterxml\jackson\core\jackson-annotations\2.9.0\jackson-annotations-2.9.0.jar;F:\Softwares\mavenrepo\com\fasterxml\jackson\core\jackson-core\2.9.6\jackson-core-2.9.6.jar;F:\Softwares\mavenrepo\com\fasterxml\jackson\datatype\jackson-datatype-jdk8\2.9.6\jackson-datatype-jdk8-2.9.6.jar;F:\Softwares\mavenrepo\com\fasterxml\jackson\datatype\jackson-datatype-jsr310\2.9.6\jackson-datatype-jsr310-2.9.6.jar;F:\Softwares\mavenrepo\com\fasterxml\jackson\module\jackson-module-parameter-names\2.9.6\jackson-module-parameter-names-2.9.6.jar;F:\Softwares\mavenrepo\org\springframework\boot\spring-boot-starter-tomcat\2.0.3.RELEASE\spring-boot-starter-tomcat-2.0.3.RELEASE.jar;F:\Softwares\mavenrepo\org\apache\tomcat\embed\tomcat-embed-core\8.5.31\tomcat-embed-core-8.5.31.jar;F:\Softwares\mavenrepo\org\apache\tomcat\embed\tomcat-embed-el\8.5.31\tomcat-embed-el-8.5.31.jar;F:\Softwares\mavenrepo\org\apache\tomcat\embed\tomcat-embed-websocket\8.5.31\tomcat-embed-websocket-8.5.31.jar;F:\Softwares\mavenrepo\org\hibernate\validator\hibernate-validator\6.0.10.Final\hibernate-validator-6.0.10.Final.jar;F:\Softwares\mavenrepo\javax\validation\validation-api\2.0.1.Final\validation-api-2.0.1.Final.jar;F:\Softwares\mavenrepo\org\springframework\spring-web\5.0.7.RELEASE\spring-web-5.0.7.RELEASE.jar;F:\Softwares\mavenrepo\org\springframework\spring-webmvc\5.0.7.RELEASE\spring-webmvc-5.0.7.RELEASE.jar;F:\Softwares\mavenrepo\org\springframework\spring-expression\5.0.7.RELEASE\spring-expression-5.0.7.RELEASE.jar;F:\Softwares\mavenrepo\org\springframework\boot\spring-boot-starter-actuator\2.0.3.RELEASE\spring-boot-starter-actuator-2.0.3.RELEASE.jar;F:\Softwares\mavenrepo\org\springframework\boot\spring-boot-actuator-autoconfigure\2.0.3.RELEASE\spring-boot-actuator-autoconfigure-2.0.3.RELEASE.jar;F:\Softwares\mavenrepo\org\springframework\boot\spring-boot-actuator\2.0.3.RELEASE\spring-boot-actuator-2.0.3.RELEASE.jar;F:\Softwares\mavenrepo\io\micrometer\micrometer-core\1.0.5\micrometer-core-1.0.5.jar;F:\Softwares\mavenrepo\org\hdrhistogram\HdrHistogram\2.1.10\HdrHistogram-2.1.10.jar;F:\Softwares\mavenrepo\org\latencyutils\LatencyUtils\2.0.3\LatencyUtils-2.0.3.jar;F:\Softwares\mavenrepo\org\springframework\boot\spring-boot-starter-test\2.0.3.RELEASE\spring-boot-starter-test-2.0.3.RELEASE.jar;F:\Softwares\mavenrepo\org\springframework\boot\spring-boot-test\2.0.3.RELEASE\spring-boot-test-2.0.3.RELEASE.jar;F:\Softwares\mavenrepo\org\springframework\boot\spring-boot-test-autoconfigure\2.0.3.RELEASE\spring-boot-test-autoconfigure-2.0.3.RELEASE.jar;F:\Softwares\mavenrepo\junit\junit\4.12\junit-4.12.jar;F:\Softwares\mavenrepo\org\assertj\assertj-core\3.9.1\assertj-core-3.9.1.jar;F:\Softwares\mavenrepo\org\mockito\mockito-core\2.15.0\mockito-core-2.15.0.jar;F:\Softwares\mavenrepo\net\bytebuddy\byte-buddy\1.7.11\byte-buddy-1.7.11.jar;F:\Softwares\mavenrepo\net\bytebuddy\byte-buddy-agent\1.7.11\byte-buddy-agent-1.7.11.jar;F:\Softwares\mavenrepo\org\objenesis\objenesis\2.6\objenesis-2.6.jar;F:\Softwares\mavenrepo\org\hamcrest\hamcrest-core\1.3\hamcrest-core-1.3.jar;F:\Softwares\mavenrepo\org\hamcrest\hamcrest-library\1.3\hamcrest-library-1.3.jar;F:\Softwares\mavenrepo\org\skyscreamer\jsonassert\1.5.0\jsonassert-1.5.0.jar;F:\Softwares\mavenrepo\com\vaadin\external\google\android-json\0.0.20131108.vaadin1\android-json-0.0.20131108.vaadin1.jar;F:\Softwares\mavenrepo\org\springframework\spring-core\5.0.7.RELEASE\spring-core-5.0.7.RELEASE.jar;F:\Softwares\mavenrepo\org\springframework\spring-jcl\5.0.7.RELEASE\spring-jcl-5.0.7.RELEASE.jar;F:\Softwares\mavenrepo\org\springframework\spring-test\5.0.7.RELEASE\spring-test-5.0.7.RELEASE.jar;F:\Softwares\mavenrepo\org\xmlunit\xmlunit-core\2.5.1\xmlunit-core-2.5.1.jar;F:\Softwares\mavenrepo\org\springframework\kafka\spring-kafka\2.1.7.RELEASE\spring-kafka-2.1.7.RELEASE.jar;F:\Softwares\mavenrepo\org\springframework\spring-context\5.0.7.RELEASE\spring-context-5.0.7.RELEASE.jar;F:\Softwares\mavenrepo\org\springframework\spring-messaging\5.0.7.RELEASE\spring-messaging-5.0.7.RELEASE.jar;F:\Softwares\mavenrepo\org\springframework\spring-tx\5.0.7.RELEASE\spring-tx-5.0.7.RELEASE.jar;F:\Softwares\mavenrepo\org\springframework\retry\spring-retry\1.2.2.RELEASE\spring-retry-1.2.2.RELEASE.jar;F:\Softwares\mavenrepo\org\apache\kafka\kafka-clients\1.0.1\kafka-clients-1.0.1.jar;F:\Softwares\mavenrepo\org\lz4\lz4-java\1.4\lz4-java-1.4.jar;F:\Softwares\mavenrepo\org\xerial\snappy\snappy-java\1.1.4\snappy-java-1.1.4.jar;F:\Softwares\mavenrepo\org\springframework\kafka\spring-kafka-test\2.1.7.RELEASE\spring-kafka-test-2.1.7.RELEASE.jar;F:\Softwares\mavenrepo\org\apache\kafka\kafka-clients\1.0.1\kafka-clients-1.0.1-test.jar;F:\Softwares\mavenrepo\org\apache\kafka\kafka_2.11\1.0.1\kafka_2.11-1.0.1.jar;F:\Softwares\mavenrepo\net\sf\jopt-simple\jopt-simple\5.0.4\jopt-simple-5.0.4.jar;F:\Softwares\mavenrepo\com\yammer\metrics\metrics-core\2.2.0\metrics-core-2.2.0.jar;F:\Softwares\mavenrepo\org\scala-lang\scala-library\2.11.12\scala-library-2.11.12.jar;F:\Softwares\mavenrepo\com\101tec\zkclient\0.10\zkclient-0.10.jar;F:\Softwares\mavenrepo\org\apache\zookeeper\zookeeper\3.4.10\zookeeper-3.4.10.jar;F:\Softwares\mavenrepo\log4j\log4j\1.2.16\log4j-1.2.16.jar;F:\Softwares\mavenrepo\org\apache\kafka\kafka_2.11\1.0.1\kafka_2.11-1.0.1-test.jar;F:\Softwares\mavenrepo\org\springframework\hateoas\spring-hateoas\0.24.0.RELEASE\spring-hateoas-0.24.0.RELEASE.jar;F:\Softwares\mavenrepo\org\springframework\spring-aop\5.0.7.RELEASE\spring-aop-5.0.7.RELEASE.jar;F:\Softwares\mavenrepo\org\springframework\spring-beans\5.0.7.RELEASE\spring-beans-5.0.7.RELEASE.jar;F:\Softwares\mavenrepo\org\slf4j\slf4j-api\1.7.25\slf4j-api-1.7.25.jar;F:\Softwares\mavenrepo\com\jayway\jsonpath\json-path\2.4.0\json-path-2.4.0.jar;F:\Softwares\mavenrepo\net\minidev\json-smart\2.3\json-smart-2.3.jar;F:\Softwares\mavenrepo\net\minidev\accessors-smart\1.2\accessors-smart-1.2.jar;F:\Softwares\mavenrepo\org\ow2\asm\asm\5.0.4\asm-5.0.4.jar;F:\Softwares\mavenrepo\org\hsqldb\hsqldb\2.4.1\hsqldb-2.4.1.jar;F:\Softwares\mavenrepo\org\postgresql\postgresql\42.2.2\postgresql-42.2.2.jar;F:\Softwares\mavenrepo\org\apache\httpcomponents\httpclient\4.5.5\httpclient-4.5.5.jar;F:\Softwares\mavenrepo\org\apache\httpcomponents\httpcore\4.4.9\httpcore-4.4.9.jar;F:\Softwares\mavenrepo\commons-codec\commons-codec\1.11\commons-codec-1.11.jar;F:\Softwares\mavenrepo\commons-lang\commons-lang\2.6\commons-lang-2.6.jar;F:\Softwares\mavenrepo\org\webjars\bootstrap\3.3.6\bootstrap-3.3.6.jar;F:\Softwares\mavenrepo\org\webjars\jquery\1.11.1\jquery-1.11.1.jar;"/>
    <property name="java.vm.vendor" value="Oracle Corporation"/>
    <property name="sun.arch.data.model" value="64"/>
    <property name="user.variant" value=""/>
    <property name="java.vendor.url" value="http://java.oracle.com/"/>
    <property name="user.timezone" value=""/>
    <property name="java.vm.specification.version" value="1.8"/>
    <property name="os.name" value="Windows 10"/>
    <property name="user.country" value="US"/>
    <property name="sun.java.launcher" value="SUN_STANDARD"/>
    <property name="sun.boot.library.path" value="C:\Program Files\Java\jdk1.8.0_102\jre\bin"/>
    <property name="sun.java.command" value="C:\Users\User\AppData\Local\Temp\surefire8618523576846287368\surefirebooter4798033955439415143.jar C:\Users\User\AppData\Local\Temp\surefire8618523576846287368 2018-09-14T12-28-18_375-jvmRun1 surefire3575889034923482788tmp surefire_16508094429263866827tmp"/>
    <property name="surefire.test.class.path" value="F:\WS\microservice-kafka-master\microservice-kafka-master\microservice-kafka\microservice-kafka-shipping\target\test-classes;F:\WS\microservice-kafka-master\microservice-kafka-master\microservice-kafka\microservice-kafka-shipping\target\classes;F:\Softwares\mavenrepo\org\springframework\boot\spring-boot-starter-data-jpa\2.0.3.RELEASE\spring-boot-starter-data-jpa-2.0.3.RELEASE.jar;F:\Softwares\mavenrepo\org\springframework\boot\spring-boot-starter\2.0.3.RELEASE\spring-boot-starter-2.0.3.RELEASE.jar;F:\Softwares\mavenrepo\org\springframework\boot\spring-boot\2.0.3.RELEASE\spring-boot-2.0.3.RELEASE.jar;F:\Softwares\mavenrepo\org\springframework\boot\spring-boot-autoconfigure\2.0.3.RELEASE\spring-boot-autoconfigure-2.0.3.RELEASE.jar;F:\Softwares\mavenrepo\org\springframework\boot\spring-boot-starter-logging\2.0.3.RELEASE\spring-boot-starter-logging-2.0.3.RELEASE.jar;F:\Softwares\mavenrepo\ch\qos\logback\logback-classic\1.2.3\logback-classic-1.2.3.jar;F:\Softwares\mavenrepo\ch\qos\logback\logback-core\1.2.3\logback-core-1.2.3.jar;F:\Softwares\mavenrepo\org\apache\logging\log4j\log4j-to-slf4j\2.10.0\log4j-to-slf4j-2.10.0.jar;F:\Softwares\mavenrepo\org\apache\logging\log4j\log4j-api\2.10.0\log4j-api-2.10.0.jar;F:\Softwares\mavenrepo\org\slf4j\jul-to-slf4j\1.7.25\jul-to-slf4j-1.7.25.jar;F:\Softwares\mavenrepo\javax\annotation\javax.annotation-api\1.3.2\javax.annotation-api-1.3.2.jar;F:\Softwares\mavenrepo\org\yaml\snakeyaml\1.19\snakeyaml-1.19.jar;F:\Softwares\mavenrepo\org\springframework\boot\spring-boot-starter-aop\2.0.3.RELEASE\spring-boot-starter-aop-2.0.3.RELEASE.jar;F:\Softwares\mavenrepo\org\aspectj\aspectjweaver\1.8.13\aspectjweaver-1.8.13.jar;F:\Softwares\mavenrepo\org\springframework\boot\spring-boot-starter-jdbc\2.0.3.RELEASE\spring-boot-starter-jdbc-2.0.3.RELEASE.jar;F:\Softwares\mavenrepo\com\zaxxer\HikariCP\2.7.9\HikariCP-2.7.9.jar;F:\Softwares\mavenrepo\org\springframework\spring-jdbc\5.0.7.RELEASE\spring-jdbc-5.0.7.RELEASE.jar;F:\Softwares\mavenrepo\org\hibernate\hibernate-core\5.2.17.Final\hibernate-core-5.2.17.Final.jar;F:\Softwares\mavenrepo\org\jboss\logging\jboss-logging\3.3.2.Final\jboss-logging-3.3.2.Final.jar;F:\Softwares\mavenrepo\org\hibernate\javax\persistence\hibernate-jpa-2.1-api\1.0.2.Final\hibernate-jpa-2.1-api-1.0.2.Final.jar;F:\Softwares\mavenrepo\org\javassist\javassist\3.22.0-GA\javassist-3.22.0-GA.jar;F:\Softwares\mavenrepo\antlr\antlr\2.7.7\antlr-2.7.7.jar;F:\Softwares\mavenrepo\org\jboss\jandex\2.0.3.Final\jandex-2.0.3.Final.jar;F:\Softwares\mavenrepo\com\fasterxml\classmate\1.3.4\classmate-1.3.4.jar;F:\Softwares\mavenrepo\dom4j\dom4j\1.6.1\dom4j-1.6.1.jar;F:\Softwares\mavenrepo\org\hibernate\common\hibernate-commons-annotations\5.0.1.Final\hibernate-commons-annotations-5.0.1.Final.jar;F:\Softwares\mavenrepo\javax\transaction\javax.transaction-api\1.2\javax.transaction-api-1.2.jar;F:\Softwares\mavenrepo\org\springframework\data\spring-data-jpa\2.0.8.RELEASE\spring-data-jpa-2.0.8.RELEASE.jar;F:\Softwares\mavenrepo\org\springframework\data\spring-data-commons\2.0.8.RELEASE\spring-data-commons-2.0.8.RELEASE.jar;F:\Softwares\mavenrepo\org\springframework\spring-orm\5.0.7.RELEASE\spring-orm-5.0.7.RELEASE.jar;F:\Softwares\mavenrepo\org\springframework\spring-aspects\5.0.7.RELEASE\spring-aspects-5.0.7.RELEASE.jar;F:\Softwares\mavenrepo\org\springframework\boot\spring-boot-starter-thymeleaf\2.0.3.RELEASE\spring-boot-starter-thymeleaf-2.0.3.RELEASE.jar;F:\Softwares\mavenrepo\org\thymeleaf\thymeleaf-spring5\3.0.9.RELEASE\thymeleaf-spring5-3.0.9.RELEASE.jar;F:\Softwares\mavenrepo\org\thymeleaf\extras\thymeleaf-extras-java8time\3.0.1.RELEASE\thymeleaf-extras-java8time-3.0.1.RELEASE.jar;F:\Softwares\mavenrepo\nz\net\ultraq\thymeleaf\thymeleaf-layout-dialect\2.3.0\thymeleaf-layout-dialect-2.3.0.jar;F:\Softwares\mavenrepo\nz\net\ultraq\thymeleaf\thymeleaf-expression-processor\1.1.3\thymeleaf-expression-processor-1.1.3.jar;F:\Softwares\mavenrepo\org\codehaus\groovy\groovy\2.4.15\groovy-2.4.15.jar;F:\Softwares\mavenrepo\org\thymeleaf\thymeleaf\3.0.9.RELEASE\thymeleaf-3.0.9.RELEASE.jar;F:\Softwares\mavenrepo\ognl\ognl\3.1.12\ognl-3.1.12.jar;F:\Softwares\mavenrepo\org\attoparser\attoparser\2.0.4.RELEASE\attoparser-2.0.4.RELEASE.jar;F:\Softwares\mavenrepo\org\unbescape\unbescape\1.1.5.RELEASE\unbescape-1.1.5.RELEASE.jar;F:\Softwares\mavenrepo\org\springframework\boot\spring-boot-starter-web\2.0.3.RELEASE\spring-boot-starter-web-2.0.3.RELEASE.jar;F:\Softwares\mavenrepo\org\springframework\boot\spring-boot-starter-json\2.0.3.RELEASE\spring-boot-starter-json-2.0.3.RELEASE.jar;F:\Softwares\mavenrepo\com\fasterxml\jackson\core\jackson-databind\2.9.6\jackson-databind-2.9.6.jar;F:\Softwares\mavenrepo\com\fasterxml\jackson\core\jackson-annotations\2.9.0\jackson-annotations-2.9.0.jar;F:\Softwares\mavenrepo\com\fasterxml\jackson\core\jackson-core\2.9.6\jackson-core-2.9.6.jar;F:\Softwares\mavenrepo\com\fasterxml\jackson\datatype\jackson-datatype-jdk8\2.9.6\jackson-datatype-jdk8-2.9.6.jar;F:\Softwares\mavenrepo\com\fasterxml\jackson\datatype\jackson-datatype-jsr310\2.9.6\jackson-datatype-jsr310-2.9.6.jar;F:\Softwares\mavenrepo\com\fasterxml\jackson\module\jackson-module-parameter-names\2.9.6\jackson-module-parameter-names-2.9.6.jar;F:\Softwares\mavenrepo\org\springframework\boot\spring-boot-starter-tomcat\2.0.3.RELEASE\spring-boot-starter-tomcat-2.0.3.RELEASE.jar;F:\Softwares\mavenrepo\org\apache\tomcat\embed\tomcat-embed-core\8.5.31\tomcat-embed-core-8.5.31.jar;F:\Softwares\mavenrepo\org\apache\tomcat\embed\tomcat-embed-el\8.5.31\tomcat-embed-el-8.5.31.jar;F:\Softwares\mavenrepo\org\apache\tomcat\embed\tomcat-embed-websocket\8.5.31\tomcat-embed-websocket-8.5.31.jar;F:\Softwares\mavenrepo\org\hibernate\validator\hibernate-validator\6.0.10.Final\hibernate-validator-6.0.10.Final.jar;F:\Softwares\mavenrepo\javax\validation\validation-api\2.0.1.Final\validation-api-2.0.1.Final.jar;F:\Softwares\mavenrepo\org\springframework\spring-web\5.0.7.RELEASE\spring-web-5.0.7.RELEASE.jar;F:\Softwares\mavenrepo\org\springframework\spring-webmvc\5.0.7.RELEASE\spring-webmvc-5.0.7.RELEASE.jar;F:\Softwares\mavenrepo\org\springframework\spring-expression\5.0.7.RELEASE\spring-expression-5.0.7.RELEASE.jar;F:\Softwares\mavenrepo\org\springframework\boot\spring-boot-starter-actuator\2.0.3.RELEASE\spring-boot-starter-actuator-2.0.3.RELEASE.jar;F:\Softwares\mavenrepo\org\springframework\boot\spring-boot-actuator-autoconfigure\2.0.3.RELEASE\spring-boot-actuator-autoconfigure-2.0.3.RELEASE.jar;F:\Softwares\mavenrepo\org\springframework\boot\spring-boot-actuator\2.0.3.RELEASE\spring-boot-actuator-2.0.3.RELEASE.jar;F:\Softwares\mavenrepo\io\micrometer\micrometer-core\1.0.5\micrometer-core-1.0.5.jar;F:\Softwares\mavenrepo\org\hdrhistogram\HdrHistogram\2.1.10\HdrHistogram-2.1.10.jar;F:\Softwares\mavenrepo\org\latencyutils\LatencyUtils\2.0.3\LatencyUtils-2.0.3.jar;F:\Softwares\mavenrepo\org\springframework\boot\spring-boot-starter-test\2.0.3.RELEASE\spring-boot-starter-test-2.0.3.RELEASE.jar;F:\Softwares\mavenrepo\org\springframework\boot\spring-boot-test\2.0.3.RELEASE\spring-boot-test-2.0.3.RELEASE.jar;F:\Softwares\mavenrepo\org\springframework\boot\spring-boot-test-autoconfigure\2.0.3.RELEASE\spring-boot-test-autoconfigure-2.0.3.RELEASE.jar;F:\Softwares\mavenrepo\junit\junit\4.12\junit-4.12.jar;F:\Softwares\mavenrepo\org\assertj\assertj-core\3.9.1\assertj-core-3.9.1.jar;F:\Softwares\mavenrepo\org\mockito\mockito-core\2.15.0\mockito-core-2.15.0.jar;F:\Softwares\mavenrepo\net\bytebuddy\byte-buddy\1.7.11\byte-buddy-1.7.11.jar;F:\Softwares\mavenrepo\net\bytebuddy\byte-buddy-agent\1.7.11\byte-buddy-agent-1.7.11.jar;F:\Softwares\mavenrepo\org\objenesis\objenesis\2.6\objenesis-2.6.jar;F:\Softwares\mavenrepo\org\hamcrest\hamcrest-core\1.3\hamcrest-core-1.3.jar;F:\Softwares\mavenrepo\org\hamcrest\hamcrest-library\1.3\hamcrest-library-1.3.jar;F:\Softwares\mavenrepo\org\skyscreamer\jsonassert\1.5.0\jsonassert-1.5.0.jar;F:\Softwares\mavenrepo\com\vaadin\external\google\android-json\0.0.20131108.vaadin1\android-json-0.0.20131108.vaadin1.jar;F:\Softwares\mavenrepo\org\springframework\spring-core\5.0.7.RELEASE\spring-core-5.0.7.RELEASE.jar;F:\Softwares\mavenrepo\org\springframework\spring-jcl\5.0.7.RELEASE\spring-jcl-5.0.7.RELEASE.jar;F:\Softwares\mavenrepo\org\springframework\spring-test\5.0.7.RELEASE\spring-test-5.0.7.RELEASE.jar;F:\Softwares\mavenrepo\org\xmlunit\xmlunit-core\2.5.1\xmlunit-core-2.5.1.jar;F:\Softwares\mavenrepo\org\springframework\kafka\spring-kafka\2.1.7.RELEASE\spring-kafka-2.1.7.RELEASE.jar;F:\Softwares\mavenrepo\org\springframework\spring-context\5.0.7.RELEASE\spring-context-5.0.7.RELEASE.jar;F:\Softwares\mavenrepo\org\springframework\spring-messaging\5.0.7.RELEASE\spring-messaging-5.0.7.RELEASE.jar;F:\Softwares\mavenrepo\org\springframework\spring-tx\5.0.7.RELEASE\spring-tx-5.0.7.RELEASE.jar;F:\Softwares\mavenrepo\org\springframework\retry\spring-retry\1.2.2.RELEASE\spring-retry-1.2.2.RELEASE.jar;F:\Softwares\mavenrepo\org\apache\kafka\kafka-clients\1.0.1\kafka-clients-1.0.1.jar;F:\Softwares\mavenrepo\org\lz4\lz4-java\1.4\lz4-java-1.4.jar;F:\Softwares\mavenrepo\org\xerial\snappy\snappy-java\1.1.4\snappy-java-1.1.4.jar;F:\Softwares\mavenrepo\org\springframework\kafka\spring-kafka-test\2.1.7.RELEASE\spring-kafka-test-2.1.7.RELEASE.jar;F:\Softwares\mavenrepo\org\apache\kafka\kafka-clients\1.0.1\kafka-clients-1.0.1-test.jar;F:\Softwares\mavenrepo\org\apache\kafka\kafka_2.11\1.0.1\kafka_2.11-1.0.1.jar;F:\Softwares\mavenrepo\net\sf\jopt-simple\jopt-simple\5.0.4\jopt-simple-5.0.4.jar;F:\Softwares\mavenrepo\com\yammer\metrics\metrics-core\2.2.0\metrics-core-2.2.0.jar;F:\Softwares\mavenrepo\org\scala-lang\scala-library\2.11.12\scala-library-2.11.12.jar;F:\Softwares\mavenrepo\com\101tec\zkclient\0.10\zkclient-0.10.jar;F:\Softwares\mavenrepo\org\apache\zookeeper\zookeeper\3.4.10\zookeeper-3.4.10.jar;F:\Softwares\mavenrepo\log4j\log4j\1.2.16\log4j-1.2.16.jar;F:\Softwares\mavenrepo\org\apache\kafka\kafka_2.11\1.0.1\kafka_2.11-1.0.1-test.jar;F:\Softwares\mavenrepo\org\springframework\hateoas\spring-hateoas\0.24.0.RELEASE\spring-hateoas-0.24.0.RELEASE.jar;F:\Softwares\mavenrepo\org\springframework\spring-aop\5.0.7.RELEASE\spring-aop-5.0.7.RELEASE.jar;F:\Softwares\mavenrepo\org\springframework\spring-beans\5.0.7.RELEASE\spring-beans-5.0.7.RELEASE.jar;F:\Softwares\mavenrepo\org\slf4j\slf4j-api\1.7.25\slf4j-api-1.7.25.jar;F:\Softwares\mavenrepo\com\jayway\jsonpath\json-path\2.4.0\json-path-2.4.0.jar;F:\Softwares\mavenrepo\net\minidev\json-smart\2.3\json-smart-2.3.jar;F:\Softwares\mavenrepo\net\minidev\accessors-smart\1.2\accessors-smart-1.2.jar;F:\Softwares\mavenrepo\org\ow2\asm\asm\5.0.4\asm-5.0.4.jar;F:\Softwares\mavenrepo\org\hsqldb\hsqldb\2.4.1\hsqldb-2.4.1.jar;F:\Softwares\mavenrepo\org\postgresql\postgresql\42.2.2\postgresql-42.2.2.jar;F:\Softwares\mavenrepo\org\apache\httpcomponents\httpclient\4.5.5\httpclient-4.5.5.jar;F:\Softwares\mavenrepo\org\apache\httpcomponents\httpcore\4.4.9\httpcore-4.4.9.jar;F:\Softwares\mavenrepo\commons-codec\commons-codec\1.11\commons-codec-1.11.jar;F:\Softwares\mavenrepo\commons-lang\commons-lang\2.6\commons-lang-2.6.jar;F:\Softwares\mavenrepo\org\webjars\bootstrap\3.3.6\bootstrap-3.3.6.jar;F:\Softwares\mavenrepo\org\webjars\jquery\1.11.1\jquery-1.11.1.jar;"/>
    <property name="sun.cpu.endian" value="little"/>
    <property name="user.home" value="C:\Users\User"/>
    <property name="user.language" value="en"/>
    <property name="java.specification.vendor" value="Oracle Corporation"/>
    <property name="java.home" value="C:\Program Files\Java\jdk1.8.0_102\jre"/>
    <property name="basedir" value="F:\WS\microservice-kafka-master\microservice-kafka-master\microservice-kafka\microservice-kafka-shipping"/>
    <property name="file.separator" value="\"/>
    <property name="line.separator" value="&#10;"/>
    <property name="java.vm.specification.vendor" value="Oracle Corporation"/>
    <property name="java.specification.name" value="Java Platform API Specification"/>
    <property name="java.awt.graphicsenv" value="sun.awt.Win32GraphicsEnvironment"/>
    <property name="surefire.real.class.path" value="C:\Users\User\AppData\Local\Temp\surefire8618523576846287368\surefirebooter4798033955439415143.jar"/>
    <property name="sun.boot.class.path" value="C:\Program Files\Java\jdk1.8.0_102\jre\lib\resources.jar;C:\Program Files\Java\jdk1.8.0_102\jre\lib\rt.jar;C:\Program Files\Java\jdk1.8.0_102\jre\lib\sunrsasign.jar;C:\Program Files\Java\jdk1.8.0_102\jre\lib\jsse.jar;C:\Program Files\Java\jdk1.8.0_102\jre\lib\jce.jar;C:\Program Files\Java\jdk1.8.0_102\jre\lib\charsets.jar;C:\Program Files\Java\jdk1.8.0_102\jre\lib\jfr.jar;C:\Program Files\Java\jdk1.8.0_102\jre\classes"/>
    <property name="user.script" value=""/>
    <property name="sun.management.compiler" value="HotSpot 64-Bit Tiered Compilers"/>
    <property name="java.runtime.version" value="1.8.0_102-b14"/>
    <property name="user.name" value="User"/>
    <property name="path.separator" value=";"/>
    <property name="os.version" value="10.0"/>
    <property name="java.endorsed.dirs" value="C:\Program Files\Java\jdk1.8.0_102\jre\lib\endorsed"/>
    <property name="java.runtime.name" value="Java(TM) SE Runtime Environment"/>
    <property name="file.encoding" value="Cp1252"/>
    <property name="java.vm.name" value="Java HotSpot(TM) 64-Bit Server VM"/>
    <property name="localRepository" value="F:\Softwares\mavenrepo"/>
    <property name="java.vendor.url.bug" value="http://bugreport.sun.com/bugreport/"/>
    <property name="java.io.tmpdir" value="C:\Users\User\AppData\Local\Temp\"/>
    <property name="java.version" value="1.8.0_102"/>
    <property name="user.dir" value="F:\WS\microservice-kafka-master\microservice-kafka-master\microservice-kafka\microservice-kafka-shipping"/>
    <property name="os.arch" value="amd64"/>
    <property name="java.vm.specification.name" value="Java Virtual Machine Specification"/>
    <property name="java.awt.printerjob" value="sun.awt.windows.WPrinterJob"/>
    <property name="sun.os.patch.level" value=""/>
    <property name="java.library.path" value="C:\Program Files\Java\jdk1.8.0_102\jre\bin;C:\WINDOWS\Sun\Java\bin;C:\WINDOWS\system32;C:\WINDOWS;C:/Program Files/Java/jdk1.8.0_102/bin/../jre/bin/server;C:/Program Files/Java/jdk1.8.0_102/bin/../jre/bin;C:/Program Files/Java/jdk1.8.0_102/bin/../jre/lib/amd64;C:\Program Files\Microsoft MPI\Bin\;C:\Program Files (x86)\AMD APP\bin\x86_64;C:\Program Files (x86)\AMD APP\bin\x86;C:\WINDOWS\system32;C:\WINDOWS;C:\WINDOWS\System32\Wbem;C:\WINDOWS\System32\WindowsPowerShell\v1.0\;C:\Program Files (x86)\ATI Technologies\ATI.ACE\Core-Static;C:\Program Files\nodejs\;C:\Android;C:\Windows\System32;F:\Softwares\apache-maven-3.3.9\bin;C:\Program Files\Git\cmd;C:\Program Files\Java\jdk1.8.0_102\bin;;C:\WINDOWS\System32\OpenSSH\;C:\Program Files (x86)\Microsoft SQL Server\140\Tools\Binn\;C:\Program Files\Microsoft SQL Server\140\Tools\Binn\;C:\Program Files (x86)\Microsoft SQL Server\140\DTS\Binn\;C:\Program Files\Microsoft SQL Server\140\DTS\Binn\;C:\Program Files\Microsoft SQL Server\Client SDK\ODBC\130\Tools\Binn\;C:\Program Files (x86)\Microsoft SQL Server\Client SDK\ODBC\130\Tools\Binn\;C:\Program Files (x86)\Microsoft SQL Server\140\Tools\Binn\ManagementStudio\;C:\Users\User\AppData\Local\Microsoft\WindowsApps;C:\Users\User\AppData\Roaming\npm;C:\Program Files\Docker Toolbox;;F:\Softwares\eclipse-jee-oxygen-3-win32-x86_64\eclipse;;."/>
    <property name="java.vm.info" value="mixed mode"/>
    <property name="java.vendor" value="Oracle Corporation"/>
    <property name="java.vm.version" value="25.102-b14"/>
    <property name="java.ext.dirs" value="C:\Program Files\Java\jdk1.8.0_102\jre\lib\ext;C:\WINDOWS\Sun\Java\lib\ext"/>
    <property name="sun.io.unicode.encoding" value="UnicodeLittle"/>
    <property name="java.class.version" value="52.0"/>
  </properties>
  <testcase name="ensureIdempotencySecondCallIgnored" classname="com.ewolff.microservice.shipping.ShippingServiceTest" time="0.078"/>
</testsuite>